2023-05-19 13:05:837 INFO  HomePage :35 - Mouse hover on [[ChromeDriver: chrome on WINDOWS (7359e00073e32653988eb8b3d8222c6c)] -> xpath: //a[contains(text(),'buy + sell')]]
2023-05-19 13:05:367 INFO  HomePage :40 - Click on [[ChromeDriver: chrome on WINDOWS (7359e00073e32653988eb8b3d8222c6c)] -> xpath: //a[contains(text(),'Search Cars')]]
2023-05-19 13:05:948 INFO  HomePage :35 - Mouse hover on [[ChromeDriver: chrome on WINDOWS (3d54e12f906694b0fedf0b95b30205c8)] -> xpath: //a[contains(text(),'buy + sell')]]
2023-05-19 13:05:188 INFO  HomePage :40 - Click on [[ChromeDriver: chrome on WINDOWS (3d54e12f906694b0fedf0b95b30205c8)] -> xpath: //a[contains(text(),'Search Cars')]]
2023-05-19 13:05:999 INFO  HomePage :35 - Mouse hover on [[ChromeDriver: chrome on WINDOWS (99f663fb720ebc258b52480966f77088)] -> xpath: //a[contains(text(),'buy + sell')]]
2023-05-19 13:05:331 INFO  HomePage :40 - Click on [[ChromeDriver: chrome on WINDOWS (99f663fb720ebc258b52480966f77088)] -> xpath: //a[contains(text(),'Search Cars')]]
2023-05-19 13:05:241 INFO  HomePage :35 - Mouse hover on [[ChromeDriver: chrome on WINDOWS (7bf2742ffe15110527cccdfc466dde07)] -> xpath: //a[contains(text(),'buy + sell')]]
2023-05-19 13:05:724 INFO  HomePage :40 - Click on [[ChromeDriver: chrome on WINDOWS (7bf2742ffe15110527cccdfc466dde07)] -> xpath: //a[contains(text(),'Search Cars')]]
2023-05-19 13:05:845 INFO  HomePage :35 - Mouse hover on [[ChromeDriver: chrome on WINDOWS (eead4603479846c6ea4b21a75a97efb6)] -> xpath: //a[contains(text(),'buy + sell')]]
2023-05-19 13:05:245 INFO  HomePage :40 - Click on [[ChromeDriver: chrome on WINDOWS (eead4603479846c6ea4b21a75a97efb6)] -> xpath: //a[contains(text(),'Search Cars')]]
2023-05-19 13:05:644 INFO  HomePage :49 - Verify the text [[ChromeDriver: chrome on WINDOWS (eead4603479846c6ea4b21a75a97efb6)] -> xpath: //h1[normalize-space()='New & Used Car Search - carsguide']]
2023-05-19 13:05:784 INFO  NewAndUsedCarSearchPage :43 - Select car BMW
2023-05-19 13:05:958 INFO  NewAndUsedCarSearchPage :47 - Select model [[ChromeDriver: chrome on WINDOWS (eead4603479846c6ea4b21a75a97efb6)] -> xpath: //select[@id='models']]
2023-05-19 13:05:467 INFO  HomePage :35 - Mouse hover on [[ChromeDriver: chrome on WINDOWS (beb4330cc7ab9ab0327b5a5f06eac70d)] -> xpath: //a[contains(text(),'buy + sell')]]
2023-05-19 13:05:815 INFO  HomePage :40 - Click on [[ChromeDriver: chrome on WINDOWS (beb4330cc7ab9ab0327b5a5f06eac70d)] -> xpath: //a[contains(text(),'Search Cars')]]
2023-05-19 13:05:934 INFO  HomePage :49 - Verify the text [[ChromeDriver: chrome on WINDOWS (beb4330cc7ab9ab0327b5a5f06eac70d)] -> xpath: //h1[normalize-space()='New & Used Car Search - carsguide']]
2023-05-19 13:05:340 INFO  NewAndUsedCarSearchPage :43 - Select car BMW
2023-05-19 13:05:528 INFO  NewAndUsedCarSearchPage :47 - Select model [[ChromeDriver: chrome on WINDOWS (beb4330cc7ab9ab0327b5a5f06eac70d)] -> xpath: //select[@id='models']]
2023-05-19 13:05:981 INFO  HomePage :35 - Mouse hover on [[ChromeDriver: chrome on WINDOWS (d886681e853cbedd1849d69baab87bbc)] -> xpath: //a[contains(text(),'buy + sell')]]
2023-05-19 13:05:348 INFO  HomePage :40 - Click on [[ChromeDriver: chrome on WINDOWS (d886681e853cbedd1849d69baab87bbc)] -> xpath: //a[contains(text(),'Search Cars')]]
2023-05-19 13:05:790 INFO  HomePage :49 - Verify the text [[ChromeDriver: chrome on WINDOWS (d886681e853cbedd1849d69baab87bbc)] -> xpath: //h1[normalize-space()='New & Used Car Search - carsguide']]
2023-05-19 13:05:914 INFO  NewAndUsedCarSearchPage :43 - Select car BMW
2023-05-19 13:05:94 INFO  NewAndUsedCarSearchPage :47 - Select model [[ChromeDriver: chrome on WINDOWS (d886681e853cbedd1849d69baab87bbc)] -> xpath: //select[@id='models']]
2023-05-19 13:05:870 INFO  HomePage :35 - Mouse hover on [[ChromeDriver: chrome on WINDOWS (24945d1731a1de4f0443ec9c53f0a222)] -> xpath: //a[contains(text(),'buy + sell')]]
2023-05-19 13:05:259 INFO  HomePage :40 - Click on [[ChromeDriver: chrome on WINDOWS (24945d1731a1de4f0443ec9c53f0a222)] -> xpath: //a[contains(text(),'Search Cars')]]
2023-05-19 13:05:618 INFO  HomePage :49 - Verify the text [[ChromeDriver: chrome on WINDOWS (24945d1731a1de4f0443ec9c53f0a222)] -> xpath: //h1[normalize-space()='New & Used Car Search - carsguide']]
2023-05-19 13:05:747 INFO  NewAndUsedCarSearchPage :43 - Select car BMW
2023-05-19 13:05:935 INFO  NewAndUsedCarSearchPage :47 - Select model [[ChromeDriver: chrome on WINDOWS (24945d1731a1de4f0443ec9c53f0a222)] -> xpath: //select[@id='models']]
2023-05-19 13:05:621 INFO  HomePage :35 - Mouse hover on [[ChromeDriver: chrome on WINDOWS (dd4de3094f4ebb68450b0eb0347c1e74)] -> xpath: //a[contains(text(),'buy + sell')]]
2023-05-19 13:05:707 INFO  HomePage :40 - Click on [[ChromeDriver: chrome on WINDOWS (dd4de3094f4ebb68450b0eb0347c1e74)] -> xpath: //a[contains(text(),'Search Cars')]]
2023-05-19 13:05:172 INFO  HomePage :49 - Verify the text [[ChromeDriver: chrome on WINDOWS (dd4de3094f4ebb68450b0eb0347c1e74)] -> xpath: //h1[normalize-space()='New & Used Car Search - carsguide']]
2023-05-19 13:05:303 INFO  NewAndUsedCarSearchPage :43 - Select car BMW
2023-05-19 13:05:476 INFO  NewAndUsedCarSearchPage :47 - Select model [[ChromeDriver: chrome on WINDOWS (dd4de3094f4ebb68450b0eb0347c1e74)] -> xpath: //select[@id='models']]
2023-05-19 13:05:654 INFO  NewAndUsedCarSearchPage :51 - Select location [[ChromeDriver: chrome on WINDOWS (dd4de3094f4ebb68450b0eb0347c1e74)] -> xpath: //select[@id='locations']]
2023-05-19 13:05:248 INFO  HomePage :35 - Mouse hover on [[ChromeDriver: chrome on WINDOWS (58694d44cfb30e08a99cf76702e269b9)] -> xpath: //a[contains(text(),'buy + sell')]]
2023-05-19 13:05:631 INFO  HomePage :40 - Click on [[ChromeDriver: chrome on WINDOWS (58694d44cfb30e08a99cf76702e269b9)] -> xpath: //a[contains(text(),'Search Cars')]]
2023-05-19 13:05:79 INFO  HomePage :49 - Verify the text [[ChromeDriver: chrome on WINDOWS (58694d44cfb30e08a99cf76702e269b9)] -> xpath: //h1[normalize-space()='New & Used Car Search - carsguide']]
2023-05-19 13:05:215 INFO  NewAndUsedCarSearchPage :43 - Select car BMW
2023-05-19 13:05:393 INFO  NewAndUsedCarSearchPage :47 - Select model [[ChromeDriver: chrome on WINDOWS (58694d44cfb30e08a99cf76702e269b9)] -> xpath: //select[@id='models']]
2023-05-19 13:05:559 INFO  NewAndUsedCarSearchPage :51 - Select location [[ChromeDriver: chrome on WINDOWS (58694d44cfb30e08a99cf76702e269b9)] -> xpath: //select[@id='locations']]
2023-05-19 13:05:682 INFO  NewAndUsedCarSearchPage :55 - Select price [[ChromeDriver: chrome on WINDOWS (58694d44cfb30e08a99cf76702e269b9)] -> xpath: //select[@id='priceTo']]
2023-05-19 13:05:443 INFO  NewAndUsedCarSearchPage :59 - Click on  Proxy element for: DefaultElementLocator 'By.xpath: //select[@id='priceTo']'
2023-05-19 13:05:463 INFO  NewAndUsedCarSearchPage :66 - Verify the text [[ChromeDriver: chrome on WINDOWS (58694d44cfb30e08a99cf76702e269b9)] -> xpath: //h1[@class='listing-search-title']]
2023-05-19 13:05:111 INFO  HomePage :35 - Mouse hover on [[ChromeDriver: chrome on WINDOWS (c5643695f85ab8ec2dec4d4bfd002b9c)] -> xpath: //a[contains(text(),'buy + sell')]]
2023-05-19 13:05:541 INFO  HomePage :40 - Click on [[ChromeDriver: chrome on WINDOWS (c5643695f85ab8ec2dec4d4bfd002b9c)] -> xpath: //a[contains(text(),'Search Cars')]]
2023-05-19 13:05:945 INFO  HomePage :49 - Verify the text [[ChromeDriver: chrome on WINDOWS (c5643695f85ab8ec2dec4d4bfd002b9c)] -> xpath: //h1[normalize-space()='New & Used Car Search - carsguide']]
2023-05-19 13:05:108 INFO  NewAndUsedCarSearchPage :43 - Select car BMW
2023-05-19 13:05:284 INFO  NewAndUsedCarSearchPage :47 - Select model [[ChromeDriver: chrome on WINDOWS (c5643695f85ab8ec2dec4d4bfd002b9c)] -> xpath: //select[@id='models']]
2023-05-19 13:05:427 INFO  NewAndUsedCarSearchPage :51 - Select location [[ChromeDriver: chrome on WINDOWS (c5643695f85ab8ec2dec4d4bfd002b9c)] -> xpath: //select[@id='locations']]
2023-05-19 13:05:565 INFO  NewAndUsedCarSearchPage :55 - Select price [[ChromeDriver: chrome on WINDOWS (c5643695f85ab8ec2dec4d4bfd002b9c)] -> xpath: //select[@id='priceTo']]
2023-05-19 13:05:570 INFO  NewAndUsedCarSearchPage :59 - Click on  Proxy element for: DefaultElementLocator 'By.xpath: //select[@id='priceTo']'
2023-05-19 13:05:591 INFO  NewAndUsedCarSearchPage :66 - Verify the text [[ChromeDriver: chrome on WINDOWS (c5643695f85ab8ec2dec4d4bfd002b9c)] -> xpath: //h1[@class='listing-search-title']]
2023-05-19 13:05:856 INFO  HomePage :35 - Mouse hover on [[ChromeDriver: chrome on WINDOWS (4b9143800c0027514d2e8116f3f6f166)] -> xpath: //a[contains(text(),'buy + sell')]]
2023-05-19 13:05:202 INFO  HomePage :40 - Click on [[ChromeDriver: chrome on WINDOWS (4b9143800c0027514d2e8116f3f6f166)] -> xpath: //a[contains(text(),'Search Cars')]]
2023-05-19 13:05:559 INFO  HomePage :49 - Verify the text [[ChromeDriver: chrome on WINDOWS (4b9143800c0027514d2e8116f3f6f166)] -> xpath: //h1[normalize-space()='New & Used Car Search - carsguide']]
2023-05-19 13:05:698 INFO  NewAndUsedCarSearchPage :43 - Select car Land Rover
2023-05-19 13:05:822 INFO  NewAndUsedCarSearchPage :47 - Select model [[ChromeDriver: chrome on WINDOWS (4b9143800c0027514d2e8116f3f6f166)] -> xpath: //select[@id='models']]
2023-05-19 13:05:960 INFO  NewAndUsedCarSearchPage :51 - Select location [[ChromeDriver: chrome on WINDOWS (4b9143800c0027514d2e8116f3f6f166)] -> xpath: //select[@id='locations']]
2023-05-19 13:05:124 INFO  NewAndUsedCarSearchPage :55 - Select price [[ChromeDriver: chrome on WINDOWS (4b9143800c0027514d2e8116f3f6f166)] -> xpath: //select[@id='priceTo']]
2023-05-19 13:05:32 INFO  NewAndUsedCarSearchPage :59 - Click on  Proxy element for: DefaultElementLocator 'By.xpath: //select[@id='priceTo']'
2023-05-19 13:05:59 INFO  NewAndUsedCarSearchPage :66 - Verify the text [[ChromeDriver: chrome on WINDOWS (4b9143800c0027514d2e8116f3f6f166)] -> xpath: //h1[@class='listing-search-title']]
2023-05-19 13:05:982 INFO  HomePage :35 - Mouse hover on [[ChromeDriver: chrome on WINDOWS (09e2961e113c743fb771f8d5e7d182b2)] -> xpath: //a[contains(text(),'buy + sell')]]
2023-05-19 13:05:874 INFO  HomePage :40 - Click on [[ChromeDriver: chrome on WINDOWS (09e2961e113c743fb771f8d5e7d182b2)] -> xpath: //a[contains(text(),'Search Cars')]]
2023-05-19 13:05:109 INFO  HomePage :49 - Verify the text [[ChromeDriver: chrome on WINDOWS (09e2961e113c743fb771f8d5e7d182b2)] -> xpath: //h1[normalize-space()='New & Used Car Search - carsguide']]
2023-05-19 13:05:316 INFO  NewAndUsedCarSearchPage :43 - Select car Mercedes-Benz
2023-05-19 13:05:475 INFO  NewAndUsedCarSearchPage :47 - Select model [[ChromeDriver: chrome on WINDOWS (09e2961e113c743fb771f8d5e7d182b2)] -> xpath: //select[@id='models']]
2023-05-19 13:05:84 INFO  HomePage :35 - Mouse hover on [[ChromeDriver: chrome on WINDOWS (4f5233f24d204bde066a5c1fe73f6942)] -> xpath: //a[contains(text(),'buy + sell')]]
2023-05-19 13:05:330 INFO  HomePage :40 - Click on [[ChromeDriver: chrome on WINDOWS (4f5233f24d204bde066a5c1fe73f6942)] -> xpath: //a[contains(text(),'Search Cars')]]
2023-05-19 13:05:738 INFO  HomePage :49 - Verify the text [[ChromeDriver: chrome on WINDOWS (4f5233f24d204bde066a5c1fe73f6942)] -> xpath: //h1[normalize-space()='New & Used Car Search - carsguide']]
2023-05-19 13:05:921 INFO  NewAndUsedCarSearchPage :43 - Select car Hyundai
2023-05-19 13:05:77 INFO  NewAndUsedCarSearchPage :47 - Select model [[ChromeDriver: chrome on WINDOWS (4f5233f24d204bde066a5c1fe73f6942)] -> xpath: //select[@id='models']]
2023-05-19 13:05:567 INFO  HomePage :35 - Mouse hover on [[ChromeDriver: chrome on WINDOWS (d003816b80f056574e5523a8f2f4acf2)] -> xpath: //a[contains(text(),'buy + sell')]]
2023-05-19 13:05:809 INFO  HomePage :40 - Click on [[ChromeDriver: chrome on WINDOWS (d003816b80f056574e5523a8f2f4acf2)] -> xpath: //a[contains(text(),'Search Cars')]]
2023-05-19 13:05:953 INFO  HomePage :49 - Verify the text [[ChromeDriver: chrome on WINDOWS (d003816b80f056574e5523a8f2f4acf2)] -> xpath: //h1[normalize-space()='New & Used Car Search - carsguide']]
2023-05-19 13:05:380 INFO  NewAndUsedCarSearchPage :43 - Select car Audi
2023-05-19 13:05:567 INFO  NewAndUsedCarSearchPage :47 - Select model [[ChromeDriver: chrome on WINDOWS (d003816b80f056574e5523a8f2f4acf2)] -> xpath: //select[@id='models']]
2023-05-19 13:05:704 INFO  NewAndUsedCarSearchPage :51 - Select location [[ChromeDriver: chrome on WINDOWS (d003816b80f056574e5523a8f2f4acf2)] -> xpath: //select[@id='locations']]
2023-05-19 13:05:862 INFO  NewAndUsedCarSearchPage :55 - Select price [[ChromeDriver: chrome on WINDOWS (d003816b80f056574e5523a8f2f4acf2)] -> xpath: //select[@id='priceTo']]
2023-05-19 13:05:588 INFO  NewAndUsedCarSearchPage :59 - Click on  Proxy element for: DefaultElementLocator 'By.xpath: //select[@id='priceTo']'
2023-05-19 13:05:610 INFO  NewAndUsedCarSearchPage :66 - Verify the text [[ChromeDriver: chrome on WINDOWS (d003816b80f056574e5523a8f2f4acf2)] -> xpath: //h1[@class='listing-search-title']]
2023-05-19 13:05:829 INFO  HomePage :35 - Mouse hover on [[ChromeDriver: chrome on WINDOWS (b54b01d58ae26649dcdfa2411235f530)] -> xpath: //a[contains(text(),'buy + sell')]]
2023-05-19 13:05:230 INFO  HomePage :40 - Click on [[ChromeDriver: chrome on WINDOWS (b54b01d58ae26649dcdfa2411235f530)] -> xpath: //a[contains(text(),'Search Cars')]]
2023-05-19 13:05:593 INFO  HomePage :49 - Verify the text [[ChromeDriver: chrome on WINDOWS (b54b01d58ae26649dcdfa2411235f530)] -> xpath: //h1[normalize-space()='New & Used Car Search - carsguide']]
2023-05-19 13:05:752 INFO  NewAndUsedCarSearchPage :43 - Select car Jeep
2023-05-19 13:05:912 INFO  NewAndUsedCarSearchPage :47 - Select model [[ChromeDriver: chrome on WINDOWS (b54b01d58ae26649dcdfa2411235f530)] -> xpath: //select[@id='models']]
2023-05-19 13:05:113 INFO  NewAndUsedCarSearchPage :51 - Select location [[ChromeDriver: chrome on WINDOWS (b54b01d58ae26649dcdfa2411235f530)] -> xpath: //select[@id='locations']]
2023-05-19 13:05:283 INFO  NewAndUsedCarSearchPage :55 - Select price [[ChromeDriver: chrome on WINDOWS (b54b01d58ae26649dcdfa2411235f530)] -> xpath: //select[@id='priceTo']]
2023-05-19 13:05:261 INFO  NewAndUsedCarSearchPage :59 - Click on  Proxy element for: DefaultElementLocator 'By.xpath: //select[@id='priceTo']'
2023-05-19 14:05:736 INFO  HomePage :35 - Mouse hover on [[ChromeDriver: chrome on WINDOWS (86e83743390fda810c28aafabf1213c5)] -> xpath: //a[contains(text(),'buy + sell')]]
2023-05-19 14:05:948 INFO  HomePage :40 - Click on [[ChromeDriver: chrome on WINDOWS (86e83743390fda810c28aafabf1213c5)] -> xpath: //a[contains(text(),'Search Cars')]]
2023-05-19 14:05:337 INFO  HomePage :49 - Verify the text [[ChromeDriver: chrome on WINDOWS (86e83743390fda810c28aafabf1213c5)] -> xpath: //h1[normalize-space()='New & Used Car Search - carsguide']]
2023-05-19 14:05:459 INFO  NewAndUsedCarSearchPage :43 - Select car BMW
2023-05-19 14:05:611 INFO  NewAndUsedCarSearchPage :47 - Select model [[ChromeDriver: chrome on WINDOWS (86e83743390fda810c28aafabf1213c5)] -> xpath: //select[@id='models']]
2023-05-19 14:05:729 INFO  NewAndUsedCarSearchPage :51 - Select location [[ChromeDriver: chrome on WINDOWS (86e83743390fda810c28aafabf1213c5)] -> xpath: //select[@id='locations']]
2023-05-19 14:05:856 INFO  NewAndUsedCarSearchPage :55 - Select price [[ChromeDriver: chrome on WINDOWS (86e83743390fda810c28aafabf1213c5)] -> xpath: //select[@id='priceTo']]
2023-05-19 14:05:09 INFO  NewAndUsedCarSearchPage :59 - Click on  Proxy element for: DefaultElementLocator 'By.xpath: //select[@id='priceTo']'
2023-05-19 14:05:29 INFO  NewAndUsedCarSearchPage :66 - Verify the text [[ChromeDriver: chrome on WINDOWS (86e83743390fda810c28aafabf1213c5)] -> xpath: //h1[@class='listing-search-title']]
2023-05-19 14:05:711 INFO  HomePage :35 - Mouse hover on [[ChromeDriver: chrome on WINDOWS (ffe42e0333effd870b65c77c0cbdd411)] -> xpath: //a[contains(text(),'buy + sell')]]
2023-05-19 14:05:114 INFO  HomePage :35 - Mouse hover on [[ChromeDriver: chrome on WINDOWS (9f484c90c8120fe162e7429853d8fef5)] -> xpath: //a[contains(text(),'buy + sell')]]
2023-05-19 14:05:345 INFO  HomePage :35 - Mouse hover on [[ChromeDriver: chrome on WINDOWS (07bae3b96ef1b4018c5585305c7610fe)] -> xpath: //a[contains(text(),'buy + sell')]]
2023-05-19 14:05:544 INFO  HomePage :35 - Mouse hover on [[ChromeDriver: chrome on WINDOWS (09ac912fe41cd536b8510e2dedb7247e)] -> xpath: //a[contains(text(),'buy + sell')]]
2023-05-19 14:05:429 INFO  UsedCarSearchPage :34 - Verify the text [[ChromeDriver: chrome on WINDOWS (09ac912fe41cd536b8510e2dedb7247e)] -> xpath: //h1[normalize-space()='Used Cars For Sale']]
2023-05-19 14:05:568 INFO  NewAndUsedCarSearchPage :45 - Select car Honda
2023-05-19 14:05:786 INFO  NewAndUsedCarSearchPage :49 - Select model [[ChromeDriver: chrome on WINDOWS (09ac912fe41cd536b8510e2dedb7247e)] -> xpath: //select[@id='models']]
2023-05-19 14:05:926 INFO  NewAndUsedCarSearchPage :53 - Select location [[ChromeDriver: chrome on WINDOWS (09ac912fe41cd536b8510e2dedb7247e)] -> xpath: //select[@id='locations']]
2023-05-19 14:05:110 INFO  NewAndUsedCarSearchPage :57 - Select price [[ChromeDriver: chrome on WINDOWS (09ac912fe41cd536b8510e2dedb7247e)] -> xpath: //select[@id='priceTo']]
2023-05-19 14:05:724 INFO  NewAndUsedCarSearchPage :61 - Click on  Proxy element for: DefaultElementLocator 'By.xpath: //select[@id='priceTo']'
2023-05-19 14:05:745 INFO  NewAndUsedCarSearchPage :68 - Verify the text [[ChromeDriver: chrome on WINDOWS (09ac912fe41cd536b8510e2dedb7247e)] -> xpath: //h1[@class='listing-search-title']]
2023-05-19 16:05:552 INFO  HomePage :35 - Mouse hover on [[ChromeDriver: chrome on WINDOWS (6ad8b61f9b748cbbcb21ae7b00392b01)] -> xpath: //a[contains(text(),'buy + sell')]]
2023-05-19 16:05:729 INFO  HomePage :35 - Mouse hover on [[ChromeDriver: chrome on WINDOWS (740ec67f6df23245d107f2c9e0168fa1)] -> xpath: //a[contains(text(),'buy + sell')]]
2023-05-19 16:05:676 INFO  HomePage :35 - Mouse hover on [[ChromeDriver: chrome on WINDOWS (5adb5afba2b3d177ae1cf72bbf46456b)] -> xpath: //a[contains(text(),'buy + sell')]]
2023-05-19 16:05:260 INFO  FindDealersPage :31 - click on  [[ChromeDriver: chrome on WINDOWS (5adb5afba2b3d177ae1cf72bbf46456b)] -> xpath: //a[contains(text(),'Find a Dealer')]]
2023-05-19 16:05:449 INFO  HomePage :35 - Mouse hover on [[ChromeDriver: chrome on WINDOWS (6b15cc2d72ae4ffea5326b42560d8599)] -> xpath: //a[contains(text(),'buy + sell')]]
2023-05-19 16:05:162 INFO  FindDealersPage :31 - click on  [[ChromeDriver: chrome on WINDOWS (6b15cc2d72ae4ffea5326b42560d8599)] -> xpath: //a[contains(text(),'Find a Dealer')]]
2023-05-19 16:05:875 INFO  HomePage :35 - Mouse hover on [[ChromeDriver: chrome on WINDOWS (88a269f853121fefc3aaabf19f528bfb)] -> xpath: //a[contains(text(),'buy + sell')]]
2023-05-19 16:05:271 INFO  FindDealersPage :31 - click on  [[ChromeDriver: chrome on WINDOWS (88a269f853121fefc3aaabf19f528bfb)] -> xpath: //a[contains(text(),'Find a Dealer')]]
2023-05-19 16:05:110 INFO  HomePage :35 - Mouse hover on [[ChromeDriver: chrome on WINDOWS (a6a95606ae2cefdbf96f8adc6d7fa080)] -> xpath: //a[contains(text(),'buy + sell')]]
2023-05-19 16:05:187 INFO  FindDealersPage :31 - click on  [[ChromeDriver: chrome on WINDOWS (a6a95606ae2cefdbf96f8adc6d7fa080)] -> xpath: //a[contains(text(),'Find a Dealer')]]
2023-05-19 16:05:793 INFO  FindDealersPage :34 - Verify the text [[ChromeDriver: chrome on WINDOWS (a6a95606ae2cefdbf96f8adc6d7fa080)] -> xpath: //h1[@class="dealer-title"]]
2023-05-19 16:05:458 INFO  HomePage :35 - Mouse hover on [[ChromeDriver: chrome on WINDOWS (b57d63efa6e813783499f133ecba6626)] -> xpath: //a[contains(text(),'buy + sell')]]
2023-05-19 16:05:882 INFO  FindDealersPage :31 - click on  [[ChromeDriver: chrome on WINDOWS (b57d63efa6e813783499f133ecba6626)] -> xpath: //a[contains(text(),'Find a Dealer')]]
2023-05-19 16:05:361 INFO  FindDealersPage :34 - Verify the text [[ChromeDriver: chrome on WINDOWS (b57d63efa6e813783499f133ecba6626)] -> xpath: //h1[@class="dealer-title"]]
2023-05-19 17:05:99 INFO  HomePage :35 - Mouse hover on [[ChromeDriver: chrome on WINDOWS (c9ab873a84373ede65a88186b151bd62)] -> xpath: //a[contains(text(),'buy + sell')]]
2023-05-19 17:05:265 INFO  FindDealersPage :31 - click on  [[ChromeDriver: chrome on WINDOWS (c9ab873a84373ede65a88186b151bd62)] -> xpath: //a[contains(text(),'Find a Dealer')]]
2023-05-19 17:05:319 INFO  FindDealersPage :34 - Verify the text [[ChromeDriver: chrome on WINDOWS (c9ab873a84373ede65a88186b151bd62)] -> xpath: //h1[@class="dealer-title"]]
2023-05-19 17:05:944 INFO  HomePage :35 - Mouse hover on [[ChromeDriver: chrome on WINDOWS (8e134b089c42acbfb385e10a7618d3e0)] -> xpath: //a[contains(text(),'buy + sell')]]
2023-05-19 17:05:191 INFO  FindDealersPage :34 - click on  [[ChromeDriver: chrome on WINDOWS (8e134b089c42acbfb385e10a7618d3e0)] -> xpath: //a[contains(text(),'Find a Dealer')]]
2023-05-19 17:05:880 INFO  FindDealersPage :37 - Verify the text [[ChromeDriver: chrome on WINDOWS (8e134b089c42acbfb385e10a7618d3e0)] -> xpath: //h1[@class="dealer-title"]]
2023-05-19 17:05:665 INFO  HomePage :35 - Mouse hover on [[ChromeDriver: chrome on WINDOWS (ff22b07e3ff216ddca05b48af9ad6357)] -> xpath: //a[contains(text(),'buy + sell')]]
2023-05-19 17:05:260 INFO  FindDealersPage :34 - click on  [[ChromeDriver: chrome on WINDOWS (ff22b07e3ff216ddca05b48af9ad6357)] -> xpath: //a[contains(text(),'Find a Dealer')]]
2023-05-19 17:05:519 INFO  FindDealersPage :37 - Verify the text [[ChromeDriver: chrome on WINDOWS (ff22b07e3ff216ddca05b48af9ad6357)] -> xpath: //h1[@class="dealer-title"]]
2023-05-19 17:05:128 INFO  HomePage :35 - Mouse hover on [[ChromeDriver: chrome on WINDOWS (880ef04de754903e28b186fa6261ea48)] -> xpath: //a[contains(text(),'buy + sell')]]
2023-05-19 17:05:800 INFO  FindDealersPage :34 - click on  [[ChromeDriver: chrome on WINDOWS (880ef04de754903e28b186fa6261ea48)] -> xpath: //a[contains(text(),'Find a Dealer')]]
2023-05-19 17:05:467 INFO  FindDealersPage :37 - Verify the text [[ChromeDriver: chrome on WINDOWS (880ef04de754903e28b186fa6261ea48)] -> xpath: //h1[@class="dealer-title"]]
2023-05-19 17:05:431 INFO  HomePage :35 - Mouse hover on [[ChromeDriver: chrome on WINDOWS (6ef20d3e153f4f91a41ec2ca5564fa17)] -> xpath: //a[contains(text(),'buy + sell')]]
2023-05-19 17:05:221 INFO  FindDealersPage :34 - click on  [[ChromeDriver: chrome on WINDOWS (6ef20d3e153f4f91a41ec2ca5564fa17)] -> xpath: //a[contains(text(),'Find a Dealer')]]
2023-05-19 17:05:789 INFO  FindDealersPage :37 - Verify the text [[ChromeDriver: chrome on WINDOWS (6ef20d3e153f4f91a41ec2ca5564fa17)] -> xpath: //h1[@class="dealer-title"]]
2023-05-19 17:05:534 INFO  HomePage :35 - Mouse hover on [[ChromeDriver: chrome on WINDOWS (9ea8625e1b87293a8fac6959e6596114)] -> xpath: //a[contains(text(),'buy + sell')]]
2023-05-19 17:05:485 INFO  FindDealersPage :34 - click on  [[ChromeDriver: chrome on WINDOWS (9ea8625e1b87293a8fac6959e6596114)] -> xpath: //a[contains(text(),'Find a Dealer')]]
2023-05-19 17:05:62 INFO  FindDealersPage :37 - Verify the text [[ChromeDriver: chrome on WINDOWS (9ea8625e1b87293a8fac6959e6596114)] -> xpath: //h1[@class="dealer-title"]]
2023-05-19 17:05:582 INFO  HomePage :35 - Mouse hover on [[ChromeDriver: chrome on WINDOWS (3b1900bd405c0cafde3d94c8c7c20b77)] -> xpath: //a[contains(text(),'buy + sell')]]
2023-05-19 17:05:914 INFO  FindDealersPage :34 - click on  [[ChromeDriver: chrome on WINDOWS (3b1900bd405c0cafde3d94c8c7c20b77)] -> xpath: //a[contains(text(),'Find a Dealer')]]
2023-05-19 17:05:737 INFO  FindDealersPage :37 - Verify the text [[ChromeDriver: chrome on WINDOWS (3b1900bd405c0cafde3d94c8c7c20b77)] -> xpath: //h1[@class="dealer-title"]]
2023-05-19 18:05:554 INFO  HomePage :35 - Mouse hover on [[ChromeDriver: chrome on WINDOWS (ea57d2347987e0419d6f80afdb57ba8a)] -> xpath: //a[contains(text(),'buy + sell')]]
2023-05-19 18:05:436 INFO  FindDealersPage :34 - click on  [[ChromeDriver: chrome on WINDOWS (ea57d2347987e0419d6f80afdb57ba8a)] -> xpath: //a[contains(text(),'Find a Dealer')]]
2023-05-19 18:05:902 INFO  FindDealersPage :37 - Verify the text [[ChromeDriver: chrome on WINDOWS (ea57d2347987e0419d6f80afdb57ba8a)] -> xpath: //h1[@class="dealer-title"]]
2023-05-19 19:05:448 INFO  HomePage :35 - Mouse hover on [[ChromeDriver: chrome on WINDOWS (7904c86a8d1e83ee77883eb0a1296e62)] -> xpath: //a[contains(text(),'buy + sell')]]
2023-05-19 19:05:979 INFO  FindDealersPage :37 - click on  [[ChromeDriver: chrome on WINDOWS (7904c86a8d1e83ee77883eb0a1296e62)] -> xpath: //a[contains(text(),'Find a Dealer')]]
2023-05-19 19:05:667 INFO  FindDealersPage :40 - Verify the text [[ChromeDriver: chrome on WINDOWS (7904c86a8d1e83ee77883eb0a1296e62)] -> xpath: //h1[@class="dealer-title"]]
2023-05-19 19:05:755 INFO  HomePage :35 - Mouse hover on [[ChromeDriver: chrome on WINDOWS (19cbe6b05c447c1e72eb826b1d64404e)] -> xpath: //a[contains(text(),'buy + sell')]]
2023-05-19 19:05:438 INFO  FindDealersPage :37 - click on  [[ChromeDriver: chrome on WINDOWS (19cbe6b05c447c1e72eb826b1d64404e)] -> xpath: //a[contains(text(),'Find a Dealer')]]
2023-05-19 19:05:929 INFO  FindDealersPage :40 - Verify the text [[ChromeDriver: chrome on WINDOWS (19cbe6b05c447c1e72eb826b1d64404e)] -> xpath: //h1[@class="dealer-title"]]
2023-05-19 19:05:349 INFO  HomePage :35 - Mouse hover on [[ChromeDriver: chrome on WINDOWS (69115e6ff460ceae861dd4aa3acd1807)] -> xpath: //a[contains(text(),'buy + sell')]]
2023-05-19 19:05:684 INFO  FindDealersPage :37 - click on  [[ChromeDriver: chrome on WINDOWS (69115e6ff460ceae861dd4aa3acd1807)] -> xpath: //a[contains(text(),'Find a Dealer')]]
2023-05-19 19:05:409 INFO  FindDealersPage :40 - Verify the text [[ChromeDriver: chrome on WINDOWS (69115e6ff460ceae861dd4aa3acd1807)] -> xpath: //h1[@class="dealer-title"]]
2023-05-19 19:05:152 INFO  HomePage :35 - Mouse hover on [[ChromeDriver: chrome on WINDOWS (b63284fece165e9d946ea19a1ba6482f)] -> xpath: //a[contains(text(),'buy + sell')]]
2023-05-19 19:05:83 INFO  FindDealersPage :37 - click on  [[ChromeDriver: chrome on WINDOWS (b63284fece165e9d946ea19a1ba6482f)] -> xpath: //a[contains(text(),'Find a Dealer')]]
2023-05-19 19:05:485 INFO  FindDealersPage :40 - Verify the text [[ChromeDriver: chrome on WINDOWS (b63284fece165e9d946ea19a1ba6482f)] -> xpath: //h1[@class="dealer-title"]]
2023-05-19 19:05:133 INFO  HomePage :35 - Mouse hover on [[ChromeDriver: chrome on WINDOWS (f34032d539e4cf9a92034d0e049697f3)] -> xpath: //a[contains(text(),'buy + sell')]]
2023-05-19 19:05:645 INFO  FindDealersPage :37 - click on  [[ChromeDriver: chrome on WINDOWS (f34032d539e4cf9a92034d0e049697f3)] -> xpath: //a[contains(text(),'Find a Dealer')]]
2023-05-19 19:05:436 INFO  FindDealersPage :40 - Verify the text [[ChromeDriver: chrome on WINDOWS (f34032d539e4cf9a92034d0e049697f3)] -> xpath: //h1[@class="dealer-title"]]
2023-05-19 19:05:26 INFO  HomePage :35 - Mouse hover on [[ChromeDriver: chrome on WINDOWS (cde142243b350a80a9a8b7320d29735b)] -> xpath: //a[contains(text(),'buy + sell')]]
2023-05-19 19:05:523 INFO  FindDealersPage :37 - click on  [[ChromeDriver: chrome on WINDOWS (cde142243b350a80a9a8b7320d29735b)] -> xpath: //a[contains(text(),'Find a Dealer')]]
2023-05-19 19:05:122 INFO  FindDealersPage :40 - Verify the text [[ChromeDriver: chrome on WINDOWS (cde142243b350a80a9a8b7320d29735b)] -> xpath: //h1[@class="dealer-title"]]
2023-05-19 19:05:312 INFO  HomePage :35 - Mouse hover on [[ChromeDriver: chrome on WINDOWS (cc31e79c47e5d01ab9d2cf2e72759787)] -> xpath: //a[contains(text(),'buy + sell')]]
2023-05-19 19:05:152 INFO  FindDealersPage :37 - click on  [[ChromeDriver: chrome on WINDOWS (cc31e79c47e5d01ab9d2cf2e72759787)] -> xpath: //a[contains(text(),'Find a Dealer')]]
2023-05-19 19:05:311 INFO  FindDealersPage :40 - Verify the text [[ChromeDriver: chrome on WINDOWS (cc31e79c47e5d01ab9d2cf2e72759787)] -> xpath: //h1[@class="dealer-title"]]
2023-05-19 19:05:714 INFO  HomePage :35 - Mouse hover on [[ChromeDriver: chrome on WINDOWS (6a3c242770942de32a04c63326a08aed)] -> xpath: //a[contains(text(),'buy + sell')]]
2023-05-19 19:05:577 INFO  FindDealersPage :37 - click on  [[ChromeDriver: chrome on WINDOWS (6a3c242770942de32a04c63326a08aed)] -> xpath: //a[contains(text(),'Find a Dealer')]]
2023-05-19 19:05:982 INFO  FindDealersPage :40 - Verify the text [[ChromeDriver: chrome on WINDOWS (6a3c242770942de32a04c63326a08aed)] -> xpath: //h1[@class="dealer-title"]]
2023-05-19 19:05:952 INFO  HomePage :35 - Mouse hover on [[ChromeDriver: chrome on WINDOWS (3190388203a726716f61ac174e030a49)] -> xpath: //a[contains(text(),'buy + sell')]]
2023-05-19 19:05:23 INFO  FindDealersPage :37 - click on  [[ChromeDriver: chrome on WINDOWS (3190388203a726716f61ac174e030a49)] -> xpath: //a[contains(text(),'Find a Dealer')]]
2023-05-19 19:05:680 INFO  FindDealersPage :40 - Verify the text [[ChromeDriver: chrome on WINDOWS (3190388203a726716f61ac174e030a49)] -> xpath: //h1[@class="dealer-title"]]
2023-05-19 19:05:206 INFO  HomePage :35 - Mouse hover on [[ChromeDriver: chrome on WINDOWS (195947ab8763fe29e8c93581e949d417)] -> xpath: //a[contains(text(),'buy + sell')]]
2023-05-19 19:05:253 INFO  FindDealersPage :37 - click on  [[ChromeDriver: chrome on WINDOWS (195947ab8763fe29e8c93581e949d417)] -> xpath: //a[contains(text(),'Find a Dealer')]]
2023-05-19 19:05:379 INFO  FindDealersPage :40 - Verify the text [[ChromeDriver: chrome on WINDOWS (195947ab8763fe29e8c93581e949d417)] -> xpath: //h1[@class="dealer-title"]]
2023-05-19 19:05:25 INFO  HomePage :35 - Mouse hover on [[ChromeDriver: chrome on WINDOWS (65c4e3f6734efcba7f52209202fadbf8)] -> xpath: //a[contains(text(),'buy + sell')]]
2023-05-19 19:05:361 INFO  FindDealersPage :37 - click on  [[ChromeDriver: chrome on WINDOWS (65c4e3f6734efcba7f52209202fadbf8)] -> xpath: //a[contains(text(),'Find a Dealer')]]
2023-05-19 19:05:348 INFO  FindDealersPage :40 - Verify the text [[ChromeDriver: chrome on WINDOWS (65c4e3f6734efcba7f52209202fadbf8)] -> xpath: //h1[@class="dealer-title"]]
